<?xml version="1.0" encoding="UTF-8"?>
<!-- Generated by org.testng.reporters.JUnitXMLReporter -->
<testsuite hostname="ZLDEL159" ignored="0" name="CheckBoxTest" tests="4" failures="1" timestamp="06 Jul 2020 17:27:06 GMT" time="16.009" errors="0">
  <testcase name="verifyCheckBoxPage" time="6.247" classname="HerokuApp.Heroku.Test.CheckBoxTest"/>
  <testcase name="verifyCheckBoxPage2" time="1.933" classname="HerokuApp.Heroku.Test.CheckBoxTest">
    <skipped/>
  </testcase> <!-- verifyCheckBoxPage2 -->
  <testcase name="verifyCheckBoxPage2" time="1.867" classname="HerokuApp.Heroku.Test.CheckBoxTest">
    <skipped/>
  </testcase> <!-- verifyCheckBoxPage2 -->
  <testcase name="verifyCheckBoxPage2" time="1.867" classname="HerokuApp.Heroku.Test.CheckBoxTest">
    <failure type="java.lang.AssertionError" message="expected [true] but found [false]">
      <![CDATA[java.lang.AssertionError: expected [true] but found [false]
at HerokuApp.Heroku.Test.CheckBoxTest.verifyCheckBoxPage2(CheckBoxTest.java:60)
... Removed 31 stack frames]]>
    </failure>
  </testcase> <!-- verifyCheckBoxPage2 -->
</testsuite> <!-- CheckBoxTest -->
