<?xml version="1.0" encoding="UTF-8"?>
<!-- Generated by org.testng.reporters.JUnitXMLReporter -->
<testsuite hostname="ZLDEL159" ignored="0" name="ContextMenuTest" tests="4" failures="1" timestamp="06 Jul 2020 17:26:50 GMT" time="17.151" errors="0">
  <testcase name="verifyContextMenu" time="5.198" classname="HerokuApp.Heroku.Test.ContextMenuTest"/>
  <testcase name="verifyContextMenu2" time="2.183" classname="HerokuApp.Heroku.Test.ContextMenuTest">
    <skipped/>
  </testcase> <!-- verifyContextMenu2 -->
  <testcase name="verifyContextMenu2" time="2.04" classname="HerokuApp.Heroku.Test.ContextMenuTest">
    <skipped/>
  </testcase> <!-- verifyContextMenu2 -->
  <testcase name="verifyContextMenu2" time="2.022" classname="HerokuApp.Heroku.Test.ContextMenuTest">
    <failure type="java.lang.AssertionError" message="expected [true] but found [false]">
      <![CDATA[java.lang.AssertionError: expected [true] but found [false]
at HerokuApp.Heroku.Test.ContextMenuTest.verifyContextMenu2(ContextMenuTest.java:58)
... Removed 31 stack frames]]>
    </failure>
  </testcase> <!-- verifyContextMenu2 -->
</testsuite> <!-- ContextMenuTest -->
