<?xml version="1.0" encoding="UTF-8"?>
<!-- Generated by org.testng.reporters.JUnitXMLReporter -->
<testsuite hostname="LAPTOP-0NDCPAC9" ignored="4" name="Test" tests="6" failures="4" timestamp="2022-08-25T13:25:55 IST" time="191.252" errors="0">
  <testcase name="verifyDefaultUserCountry" time="5.868" classname="DocquityWeb.DocQT.Test.LoginTest">
    <failure type="java.lang.AssertionError" message="Country Label is not correct expected [91] but found [60]">
      <![CDATA[java.lang.AssertionError: Country Label is not correct expected [91] but found [60]
at DocquityWeb.DocQT.Test.LoginTest.verifyDefaultUserCountry(LoginTest.java:42)
at java.util.ArrayList.forEach(ArrayList.java:1257)
... Removed 32 stack frames]]>
    </failure>
  </testcase> <!-- verifyDefaultUserCountry -->
  <testcase name="verifySuccessfulUserLogin" time="12.81" classname="DocquityWeb.DocQT.Test.LoginTest"/>
  <testcase name="clickStartAPost" time="120.21" classname="DocquityWeb.DocQT.Test.GrandRoundTest">
    <failure type="org.openqa.selenium.TimeoutException" message="Expected condition failed: waiting for invisibility of Proxy element for: DefaultElementLocator &amp;apos;By.xpath: //p[contains(text(),&amp;apos; Your post is going live, stay calm&amp;apos;)]&amp;apos; (tried for 60 second(s) with 500 milliseconds interval)">
      <![CDATA[org.openqa.selenium.TimeoutException: Expected condition failed: waiting for invisibility of Proxy element for: DefaultElementLocator 'By.xpath: //p[contains(text(),' Your post is going live, stay calm')]' (tried for 60 second(s) with 500 milliseconds interval)
at org.openqa.selenium.support.ui.WebDriverWait.timeoutException(WebDriverWait.java:95)
at org.openqa.selenium.support.ui.FluentWait.until(FluentWait.java:272)
at DocquityWeb.DocQT.TestUtils.TestUtils.waitForElementToBeInvisible(TestUtils.java:79)
at DocquityWeb.DocQT.Page.GrandRoundPage.verifyIfPostIsVisible(GrandRoundPage.java:304)
at DocquityWeb.DocQT.Test.GrandRoundTest.clickStartAPost(GrandRoundTest.java:92)
at java.util.ArrayList.forEach(ArrayList.java:1257)
Caused by: org.openqa.selenium.NoSuchElementException: no such element: Unable to locate element: {"method":"xpath","selector":"//p[contains(text(),' Your post is going live, stay calm')]"}
  (Session info: chrome=104.0.5112.102)
For documentation on this error, please visit: https://www.seleniumhq.org/exceptions/no_such_element.html
Build info: version: '3.141.59', revision: 'e82be7d358', time: '2018-11-14T08:17:03'
System info: host: 'LAPTOP-0NDCPAC9', ip: '192.168.1.8', os.name: 'Windows 10', os.arch: 'amd64', os.version: '10.0', java.version: '1.8.0_202'
Driver info: org.openqa.selenium.chrome.ChromeDriver
Capabilities {acceptInsecureCerts: false, browserName: chrome, browserVersion: 104.0.5112.102, chrome: {chromedriverVersion: 104.0.5112.79 (3cf3e8c8a07d..., userDataDir: C:\Users\91971\AppData\Loca...}, goog:chromeOptions: {debuggerAddress: localhost:7208}, javascriptEnabled: true, networkConnectionEnabled: false, pageLoadStrategy: normal, platform: WINDOWS, platformName: WINDOWS, proxy: Proxy(), setWindowRect: true, strictFileInteractability: false, timeouts: {implicit: 0, pageLoad: 300000, script: 30000}, unhandledPromptBehavior: dismiss and notify, webauthn:extension:credBlob: true, webauthn:extension:largeBlob: true, webauthn:virtualAuthenticators: true}
Session ID: bcdc8a07019032e7e0a01c9db9393a29
*** Element info: {Using=xpath, value=//p[contains(text(),' Your post is going live, stay calm')]}
at org.openqa.selenium.remote.http.W3CHttpResponseCodec.createException(W3CHttpResponseCodec.java:187)
at org.openqa.selenium.remote.http.W3CHttpResponseCodec.decode(W3CHttpResponseCodec.java:122)
at org.openqa.selenium.remote.http.W3CHttpResponseCodec.decode(W3CHttpResponseCodec.java:49)
at org.openqa.selenium.remote.HttpCommandExecutor.execute(HttpCommandExecutor.java:158)
at org.openqa.selenium.remote.service.DriverCommandExecutor.execute(DriverCommandExecutor.java:83)
at org.openqa.selenium.remote.RemoteWebDriver.execute(RemoteWebDriver.java:552)
at org.openqa.selenium.remote.RemoteWebDriver.findElement(RemoteWebDriver.java:323)
at org.openqa.selenium.remote.RemoteWebDriver.findElementByXPath(RemoteWebDriver.java:428)
at org.openqa.selenium.By$ByXPath.findElement(By.java:353)
at org.openqa.selenium.remote.RemoteWebDriver.findElement(RemoteWebDriver.java:315)
at org.openqa.selenium.support.pagefactory.DefaultElementLocator.findElement(DefaultElementLocator.java:69)
at org.openqa.selenium.support.pagefactory.internal.LocatingElementHandler.invoke(LocatingElementHandler.java:38)
at com.sun.proxy.$Proxy31.isDisplayed(Unknown Source)
at org.openqa.selenium.support.ui.ExpectedConditions.isInvisible(ExpectedConditions.java:1348)
at org.openqa.selenium.support.ui.ExpectedConditions.access$200(ExpectedConditions.java:43)
at org.openqa.selenium.support.ui.ExpectedConditions$46.apply(ExpectedConditions.java:1336)
at org.openqa.selenium.support.ui.ExpectedConditions$46.apply(ExpectedConditions.java:1332)
at org.openqa.selenium.support.ui.FluentWait.until(FluentWait.java:249)
... 31 more
... Removed 31 stack frames]]>
    </failure>
  </testcase> <!-- clickStartAPost -->
  <testcase name="verifyOptionsUnderDiscussion" time="12.061" classname="DocquityWeb.DocQT.Test.GrandRoundTest"/>
  <testcase name="verifyOptionsUnderDocquityExclusive" time="13.056" classname="DocquityWeb.DocQT.Test.GrandRoundTest">
    <failure type="java.lang.AssertionError" message="Events Text is not visible expected [Events] but found [Connection]">
      <![CDATA[java.lang.AssertionError: Events Text is not visible expected [Events] but found [Connection]
at DocquityWeb.DocQT.Page.GrandRoundPage.verifyEventsIsVisible(GrandRoundPage.java:189)
at DocquityWeb.DocQT.Test.GrandRoundTest.verifyOptionsUnderDocquityExclusive(GrandRoundTest.java:65)
at java.util.ArrayList.forEach(ArrayList.java:1257)
... Removed 32 stack frames]]>
    </failure>
  </testcase> <!-- verifyOptionsUnderDocquityExclusive -->
  <testcase name="verifyOptionsUnderLearning" time="12.896" classname="DocquityWeb.DocQT.Test.GrandRoundTest">
    <failure type="java.lang.AssertionError" message="Artciles Text is not visible` expected [Articles] but found [CPD]">
      <![CDATA[java.lang.AssertionError: Artciles Text is not visible` expected [Articles] but found [CPD]
at DocquityWeb.DocQT.Page.GrandRoundPage.verifyArticlesIsVisible(GrandRoundPage.java:150)
at DocquityWeb.DocQT.Test.GrandRoundTest.verifyOptionsUnderLearning(GrandRoundTest.java:47)
at java.util.ArrayList.forEach(ArrayList.java:1257)
... Removed 32 stack frames]]>
    </failure>
  </testcase> <!-- verifyOptionsUnderLearning -->
  <testcase name="@BeforeTest beforeTest" time="0.0" classname="DocquityWeb.DocQT.Test.BaseTest">
    <ignored/>
  </testcase> <!-- @BeforeTest beforeTest -->
  <testcase name="@AfterTest tearDownAfterTest" time="0.0" classname="DocquityWeb.DocQT.Test.BaseTest">
    <ignored/>
  </testcase> <!-- @AfterTest tearDownAfterTest -->
  <testcase name="@BeforeSuite beforeSuite" time="0.0" classname="DocquityWeb.DocQT.Test.BaseTest">
    <ignored/>
  </testcase> <!-- @BeforeSuite beforeSuite -->
  <testcase name="@AfterSuite afterSuite" time="0.0" classname="DocquityWeb.DocQT.Test.BaseTest">
    <ignored/>
  </testcase> <!-- @AfterSuite afterSuite -->
</testsuite> <!-- Test -->
