<?xml version="1.0" encoding="UTF-8"?>
<!-- Generated by org.testng.reporters.JUnitXMLReporter -->
<testsuite hostname="LAPTOP-0NDCPAC9" ignored="4" name="Command line test" tests="5" failures="1" timestamp="2022-07-26T15:23:15 IST" time="82.229" errors="0">
  <testcase name="clickStartAPost" time="24.892" classname="DocquityWeb.DocQT.Test.GrandRoundTest"/>
  <testcase name="verifyOptionsUnderDiscussion" time="11.06" classname="DocquityWeb.DocQT.Test.GrandRoundTest"/>
  <testcase name="verifyOptionsUnderDocquityExclusive" time="11.898" classname="DocquityWeb.DocQT.Test.GrandRoundTest"/>
  <testcase name="verifyOptionsUnderLearning" time="11.306" classname="DocquityWeb.DocQT.Test.GrandRoundTest">
    <failure type="java.lang.AssertionError" message="Webinars Text is not visible expected [Webins] but found [Webinars]">
      <![CDATA[java.lang.AssertionError: Webinars Text is not visible expected [Webins] but found [Webinars]
at DocquityWeb.DocQT.Page.HomePage.verifyWebinarsIsVisible(HomePage.java:175)
at DocquityWeb.DocQT.Test.GrandRoundTest.verifyOptionsUnderLearning(GrandRoundTest.java:55)
at java.util.ArrayList.forEach(ArrayList.java:1257)
... Removed 41 stack frames]]>
    </failure>
  </testcase> <!-- verifyOptionsUnderLearning -->
  <testcase name="verifySuccessfulUserLogin" time="12.299" classname="DocquityWeb.DocQT.Test.LoginTest"/>
  <testcase name="@BeforeTest beforeTest" time="0.0" classname="DocquityWeb.DocQT.Test.BaseTest">
    <ignored/>
  </testcase> <!-- @BeforeTest beforeTest -->
  <testcase name="@AfterTest tearDownAfterTest" time="0.0" classname="DocquityWeb.DocQT.Test.BaseTest">
    <ignored/>
  </testcase> <!-- @AfterTest tearDownAfterTest -->
  <testcase name="@AfterSuite afterSuite" time="0.0" classname="DocquityWeb.DocQT.Test.BaseTest">
    <ignored/>
  </testcase> <!-- @AfterSuite afterSuite -->
  <testcase name="@BeforeSuite beforeSuite" time="0.0" classname="DocquityWeb.DocQT.Test.BaseTest">
    <ignored/>
  </testcase> <!-- @BeforeSuite beforeSuite -->
</testsuite> <!-- Command line test -->
